<?xml version="1.0" encoding="UTF-8"?>
<coverage generated="1570043724885" clover="3.2.0">
  <project timestamp="1570043724885" name="All files">
    <metrics statements="24" coveredstatements="24" conditionals="19" coveredconditionals="19" methods="7" coveredmethods="7" elements="50" coveredelements="50" complexity="0" loc="24" ncloc="24" packages="1" files="2" classes="2"/>
    <file name="callTrace.js" path="/Users/samet/Documents/proxies/lib/callTrace.js">
      <metrics statements="11" coveredstatements="11" conditionals="6" coveredconditionals="6" methods="3" coveredmethods="3"/>
      <line num="1" count="1" type="stmt"/>
      <line num="2" count="5" type="cond" truecount="2" falsecount="0"/>
      <line num="3" count="4" type="cond" truecount="2" falsecount="0"/>
      <line num="5" count="3" type="stmt"/>
      <line num="7" count="3" type="stmt"/>
      <line num="8" count="3" type="cond" truecount="2" falsecount="0"/>
      <line num="9" count="2" type="stmt"/>
      <line num="10" count="2" type="stmt"/>
      <line num="13" count="2" type="stmt"/>
      <line num="16" count="1" type="stmt"/>
      <line num="22" count="1" type="stmt"/>
    </file>
    <file name="findBy.js" path="/Users/samet/Documents/proxies/lib/findBy.js">
      <metrics statements="13" coveredstatements="13" conditionals="13" coveredconditionals="13" methods="4" coveredmethods="4"/>
      <line num="1" count="1" type="stmt"/>
      <line num="2" count="7" type="cond" truecount="2" falsecount="0"/>
      <line num="4" count="6" type="stmt"/>
      <line num="5" count="6" type="stmt"/>
      <line num="7" count="18" type="cond" truecount="2" falsecount="0"/>
      <line num="8" count="17" type="cond" truecount="2" falsecount="0"/>
      <line num="10" count="7" type="cond" truecount="2" falsecount="0"/>
      <line num="11" count="6" type="stmt"/>
      <line num="12" count="6" type="stmt"/>
      <line num="13" count="6" type="stmt"/>
      <line num="14" count="12" type="cond" truecount="3" falsecount="0"/>
      <line num="18" count="6" type="cond" truecount="2" falsecount="0"/>
      <line num="25" count="1" type="stmt"/>
    </file>
  </project>
</coverage>
