{"/Users/samet/Documents/proxies/lib/callTrace.js": {"path":"/Users/samet/Documents/proxies/lib/callTrace.js","statementMap":{"0":{"start":{"line":1,"column":18},"end":{"line":20,"column":1}},"1":{"start":{"line":2,"column":2},"end":{"line":2,"column":74}},"2":{"start":{"line":2,"column":29},"end":{"line":2,"column":74}},"3":{"start":{"line":3,"column":2},"end":{"line":3,"column":79}},"4":{"start":{"line":3,"column":34},"end":{"line":3,"column":79}},"5":{"start":{"line":5,"column":2},"end":{"line":19,"column":4}},"6":{"start":{"line":7,"column":26},"end":{"line":7,"column":51}},"7":{"start":{"line":8,"column":6},"end":{"line":17,"column":7}},"8":{"start":{"line":9,"column":8},"end":{"line":14,"column":9}},"9":{"start":{"line":10,"column":10},"end":{"line":12,"column":11}},"10":{"start":{"line":13,"column":10},"end":{"line":13,"column":48}},"11":{"start":{"line":16,"column":8},"end":{"line":16,"column":26}},"12":{"start":{"line":22,"column":0},"end":{"line":22,"column":26}}},"fnMap":{"0":{"name":"(anonymous_0)","decl":{"start":{"line":1,"column":18},"end":{"line":1,"column":19}},"loc":{"start":{"line":1,"column":28},"end":{"line":20,"column":1}},"line":1},"1":{"name":"(anonymous_1)","decl":{"start":{"line":6,"column":9},"end":{"line":6,"column":10}},"loc":{"start":{"line":6,"column":27},"end":{"line":18,"column":5}},"line":6},"2":{"name":"(anonymous_2)","decl":{"start":{"line":9,"column":15},"end":{"line":9,"column":16}},"loc":{"start":{"line":9,"column":28},"end":{"line":14,"column":9}},"line":9}},"branchMap":{"0":{"loc":{"start":{"line":2,"column":2},"end":{"line":2,"column":74}},"type":"if","locations":[{"start":{"line":2,"column":2},"end":{"line":2,"column":74}},{"start":{"line":2,"column":2},"end":{"line":2,"column":74}}],"line":2},"1":{"loc":{"start":{"line":3,"column":2},"end":{"line":3,"column":79}},"type":"if","locations":[{"start":{"line":3,"column":2},"end":{"line":3,"column":79}},{"start":{"line":3,"column":2},"end":{"line":3,"column":79}}],"line":3},"2":{"loc":{"start":{"line":8,"column":6},"end":{"line":17,"column":7}},"type":"if","locations":[{"start":{"line":8,"column":6},"end":{"line":17,"column":7}},{"start":{"line":8,"column":6},"end":{"line":17,"column":7}}],"line":8}},"s":{"0":1,"1":5,"2":1,"3":4,"4":1,"5":3,"6":3,"7":3,"8":2,"9":2,"10":2,"11":1,"12":1},"f":{"0":5,"1":3,"2":2},"b":{"0":[1,4],"1":[1,3],"2":[2,1]},"_coverageSchema":"43e27e138ebf9cfc5966b082cf9a028302ed4184","hash":"194b832cd1f09909346d17a3aa05da6060a0ac3d"}
,"/Users/samet/Documents/proxies/lib/findBy.js": {"path":"/Users/samet/Documents/proxies/lib/findBy.js","statementMap":{"0":{"start":{"line":1,"column":15},"end":{"line":23,"column":1}},"1":{"start":{"line":2,"column":2},"end":{"line":2,"column":71}},"2":{"start":{"line":2,"column":30},"end":{"line":2,"column":71}},"3":{"start":{"line":4,"column":17},"end":{"line":4,"column":25}},"4":{"start":{"line":5,"column":2},"end":{"line":22,"column":4}},"5":{"start":{"line":7,"column":6},"end":{"line":7,"column":49}},"6":{"start":{"line":7,"column":36},"end":{"line":7,"column":49}},"7":{"start":{"line":8,"column":6},"end":{"line":8,"column":45}},"8":{"start":{"line":8,"column":26},"end":{"line":8,"column":45}},"9":{"start":{"line":10,"column":6},"end":{"line":20,"column":7}},"10":{"start":{"line":11,"column":22},"end":{"line":11,"column":64}},"11":{"start":{"line":12,"column":8},"end":{"line":19,"column":9}},"12":{"start":{"line":13,"column":26},"end":{"line":17,"column":12}},"13":{"start":{"line":14,"column":12},"end":{"line":16,"column":35}},"14":{"start":{"line":18,"column":10},"end":{"line":18,"column":60}},"15":{"start":{"line":25,"column":0},"end":{"line":25,"column":23}}},"fnMap":{"0":{"name":"(anonymous_0)","decl":{"start":{"line":1,"column":15},"end":{"line":1,"column":16}},"loc":{"start":{"line":1,"column":25},"end":{"line":23,"column":1}},"line":1},"1":{"name":"(anonymous_1)","decl":{"start":{"line":6,"column":9},"end":{"line":6,"column":10}},"loc":{"start":{"line":6,"column":27},"end":{"line":21,"column":5}},"line":6},"2":{"name":"(anonymous_2)","decl":{"start":{"line":12,"column":15},"end":{"line":12,"column":16}},"loc":{"start":{"line":12,"column":24},"end":{"line":19,"column":9}},"line":12},"3":{"name":"(anonymous_3)","decl":{"start":{"line":13,"column":40},"end":{"line":13,"column":41}},"loc":{"start":{"line":13,"column":48},"end":{"line":17,"column":11}},"line":13}},"branchMap":{"0":{"loc":{"start":{"line":2,"column":2},"end":{"line":2,"column":71}},"type":"if","locations":[{"start":{"line":2,"column":2},"end":{"line":2,"column":71}},{"start":{"line":2,"column":2},"end":{"line":2,"column":71}}],"line":2},"1":{"loc":{"start":{"line":7,"column":6},"end":{"line":7,"column":49}},"type":"if","locations":[{"start":{"line":7,"column":6},"end":{"line":7,"column":49}},{"start":{"line":7,"column":6},"end":{"line":7,"column":49}}],"line":7},"2":{"loc":{"start":{"line":8,"column":6},"end":{"line":8,"column":45}},"type":"if","locations":[{"start":{"line":8,"column":6},"end":{"line":8,"column":45}},{"start":{"line":8,"column":6},"end":{"line":8,"column":45}}],"line":8},"3":{"loc":{"start":{"line":10,"column":6},"end":{"line":20,"column":7}},"type":"if","locations":[{"start":{"line":10,"column":6},"end":{"line":20,"column":7}},{"start":{"line":10,"column":6},"end":{"line":20,"column":7}}],"line":10},"4":{"loc":{"start":{"line":14,"column":19},"end":{"line":16,"column":35}},"type":"binary-expr","locations":[{"start":{"line":14,"column":19},"end":{"line":14,"column":54}},{"start":{"line":15,"column":14},"end":{"line":15,"column":49}},{"start":{"line":16,"column":14},"end":{"line":16,"column":35}}],"line":14},"5":{"loc":{"start":{"line":18,"column":17},"end":{"line":18,"column":60}},"type":"cond-expr","locations":[{"start":{"line":18,"column":40},"end":{"line":18,"column":50}},{"start":{"line":18,"column":53},"end":{"line":18,"column":60}}],"line":18}},"s":{"0":1,"1":7,"2":1,"3":6,"4":6,"5":18,"6":1,"7":17,"8":10,"9":7,"10":6,"11":6,"12":6,"13":12,"14":6,"15":1},"f":{"0":7,"1":18,"2":6,"3":12},"b":{"0":[1,6],"1":[1,17],"2":[10,7],"3":[6,1],"4":[12,11,6],"5":[5,1]},"_coverageSchema":"43e27e138ebf9cfc5966b082cf9a028302ed4184","hash":"137203312bb2494710e914befe8b7545c7604bec"}
}
