TN:
SF:/Users/samet/Documents/proxies/lib/callTrace.js
FN:1,(anonymous_0)
FN:6,(anonymous_1)
FN:9,(anonymous_2)
FNF:3
FNH:3
FNDA:5,(anonymous_0)
FNDA:3,(anonymous_1)
FNDA:2,(anonymous_2)
DA:1,1
DA:2,5
DA:3,4
DA:5,3
DA:7,3
DA:8,3
DA:9,2
DA:10,2
DA:13,2
DA:16,1
DA:22,1
LF:11
LH:11
BRDA:2,0,0,1
BRDA:2,0,1,4
BRDA:3,1,0,1
BRDA:3,1,1,3
BRDA:8,2,0,2
BRDA:8,2,1,1
BRF:6
BRH:6
end_of_record
TN:
SF:/Users/samet/Documents/proxies/lib/findBy.js
FN:1,(anonymous_0)
FN:6,(anonymous_1)
FN:12,(anonymous_2)
FN:13,(anonymous_3)
FNF:4
FNH:4
FNDA:7,(anonymous_0)
FNDA:18,(anonymous_1)
FNDA:6,(anonymous_2)
FNDA:12,(anonymous_3)
DA:1,1
DA:2,7
DA:4,6
DA:5,6
DA:7,18
DA:8,17
DA:10,7
DA:11,6
DA:12,6
DA:13,6
DA:14,12
DA:18,6
DA:25,1
LF:13
LH:13
BRDA:2,0,0,1
BRDA:2,0,1,6
BRDA:7,1,0,1
BRDA:7,1,1,17
BRDA:8,2,0,10
BRDA:8,2,1,7
BRDA:10,3,0,6
BRDA:10,3,1,1
BRDA:14,4,0,12
BRDA:14,4,1,11
BRDA:14,4,2,6
BRDA:18,5,0,5
BRDA:18,5,1,1
BRF:13
BRH:13
end_of_record
